<?xml version="1.0" encoding="UTF-8"?>
<!-- Generated by org.testng.reporters.JUnitReportReporter -->
<testsuite hostname="DESKTOP-9QTIESN" failures="0" tests="1" name="demoflikarttest.ScreenshotFullDemo" time="17.845" errors="0" timestamp="2025-01-09T23:07:34 IST" skipped="0">
  <testcase classname="demoflikarttest.ScreenshotFullDemo" name="takescreenshotofWebsite" time="17.845"/>
</testsuite> <!-- demoflikarttest.ScreenshotFullDemo -->
