<?xml version="1.0" encoding="UTF-8"?>
<!-- Generated by org.testng.reporters.JUnitReportReporter -->
<testsuite hostname="DESKTOP-9QTIESN" failures="0" tests="1" name="demoflikarttest.AddingproductTocart" time="59.645" errors="0" timestamp="2024-12-23T15:20:59 IST" skipped="0">
  <testcase classname="demoflikarttest.AddingproductTocart" name="productAdditionToCart" time="59.645"/>
</testsuite> <!-- demoflikarttest.AddingproductTocart -->
