<?xml version="1.0" encoding="UTF-8"?>
<!-- Generated by org.testng.reporters.JUnitReportReporter -->
<testsuite hostname="DESKTOP-9QTIESN" failures="0" tests="1" name="demoflikarttest.ThreeWindows" time="36.141" errors="0" timestamp="2024-12-24T15:35:24 IST" skipped="0">
  <testcase classname="demoflikarttest.ThreeWindows" name="addProductToCart" time="36.141"/>
</testsuite> <!-- demoflikarttest.ThreeWindows -->
