<?xml version="1.0" encoding="UTF-8"?>
<!-- Generated by org.testng.reporters.JUnitReportReporter -->
<testsuite hostname="DESKTOP-9QTIESN" failures="0" tests="1" name="demoflikarttest.SwitchingTwoUrlataTime" time="16.011" errors="0" timestamp="2025-01-09T20:04:57 IST" skipped="0">
  <testcase classname="demoflikarttest.SwitchingTwoUrlataTime" name="openInANewWindow" time="16.011"/>
</testsuite> <!-- demoflikarttest.SwitchingTwoUrlataTime -->
