<?xml version="1.0" encoding="UTF-8"?>
<!-- Generated by org.testng.reporters.JUnitReportReporter -->
<testsuite hostname="DESKTOP-9QTIESN" failures="0" tests="4" name="day44.SignupTest" time="0.079" errors="0" timestamp="2025-01-11T23:40:14 IST" skipped="0">
  <testcase classname="day44.SignupTest" name="signupbygoogle1" time="0.032"/>
  <testcase classname="day44.SignupTest" name="signupbyfacebook" time="0.017"/>
  <testcase classname="day44.SignupTest" name="signupbyinstagram" time="0.009"/>
  <testcase classname="day44.SignupTest" name="signupbytwitter" time="0.021"/>
</testsuite> <!-- day44.SignupTest -->
