<?xml version="1.0" encoding="UTF-8"?>
<!-- Generated by org.testng.reporters.JUnitReportReporter -->
<testsuite hostname="DESKTOP-9QTIESN" failures="0" tests="1" name="demoflikarttest.WindowhandlingWithoutWhile" time="32.788" errors="0" timestamp="2024-12-25T08:38:10 IST" skipped="0">
  <testcase classname="demoflikarttest.WindowhandlingWithoutWhile" name="productAdditionToCart" time="32.788"/>
</testsuite> <!-- demoflikarttest.WindowhandlingWithoutWhile -->
