<?xml version="1.0" encoding="UTF-8"?>
<!-- Generated by org.testng.reporters.JUnitReportReporter -->
<testsuite hostname="DESKTOP-9QTIESN" failures="0" tests="4" name="day44.LoginTest" time="0.035" errors="0" timestamp="2025-01-12T00:07:16 IST" skipped="1">
  <testcase classname="day44.LoginTest" name="loginByGoogle" time="0.021"/>
  <testcase classname="day44.LoginTest" name="loginByFacebook" time="0.007"/>
  <testcase classname="day44.LoginTest" name="loginByTwitter" time="0.007"/>
  <testcase classname="day44.LoginTest" name="loginByInstagram">
    <skipped/>
  </testcase> <!-- loginByInstagram -->
</testsuite> <!-- day44.LoginTest -->
