<?xml version="1.0" encoding="UTF-8"?>
<!-- Generated by org.testng.reporters.JUnitReportReporter -->
<testsuite hostname="DESKTOP-9QTIESN" failures="0" tests="3" name="day44.PaymentTest" time="0.034" errors="0" timestamp="2025-01-12T00:07:16 IST" skipped="0">
  <testcase classname="day44.PaymentTest" name="paymentbygooglepay" time="0.008"/>
  <testcase classname="day44.PaymentTest" name="paymentbyamxzn" time="0.018"/>
  <testcase classname="day44.PaymentTest" name="paymentbypaytm" time="0.008"/>
</testsuite> <!-- day44.PaymentTest -->
